<?xml version="1.0" encoding="UTF-8"?>
<!-- Generated by org.testng.reporters.JUnitXMLReporter -->
<testsuite ignored="0" hostname="DESKTOP-D8KFOHM" failures="0" tests="3" name="Default test" time="17.84" errors="0" timestamp="2026-07-31T12:19:27 IST">
  <testcase classname="com.runner.runner" name="LoginTest" time="0.751"/>
  <testcase classname="com.runner.runner" name="ValidateHomepage" time="2.118"/>
  <testcase classname="com.runner.runner" name="validateFresherBtnValidation" time="5.878"/>
</testsuite> <!-- Default test -->
