<?xml version="1.0" encoding="UTF-8"?>
<testng-results ignored="0" total="3" passed="3" failed="0" skipped="0">
  <reporter-output>
  </reporter-output>
  <suite started-at="2026-07-31T12:19:09 IST" name="Default suite" finished-at="2026-07-31T12:19:27 IST" duration-ms="17840">
    <groups>
    </groups>
    <test started-at="2026-07-31T12:19:09 IST" name="Default test" finished-at="2026-07-31T12:19:27 IST" duration-ms="17840">
      <class name="com.runner.runner">
        <test-method is-config="true" signature="beforeSuite()[pri:0, instance:com.runner.runner@5e5d171f]" started-at="2026-07-31T12:19:09 IST" name="beforeSuite" finished-at="2026-07-31T12:19:09 IST" duration-ms="442" status="PASS">
          <reporter-output>
          </reporter-output>
        </test-method> <!-- beforeSuite -->
        <test-method is-config="true" signature="setup()[pri:0, instance:com.runner.runner@5e5d171f]" started-at="2026-07-31T12:19:09 IST" name="setup" finished-at="2026-07-31T12:19:16 IST" duration-ms="7273" status="PASS">
          <reporter-output>
          </reporter-output>
        </test-method> <!-- setup -->
        <test-method signature="LoginTest()[pri:0, instance:com.runner.runner@5e5d171f]" started-at="2026-07-31T12:19:16 IST" name="LoginTest" finished-at="2026-07-31T12:19:17 IST" duration-ms="751" status="PASS">
          <reporter-output>
          </reporter-output>
        </test-method> <!-- LoginTest -->
        <test-method signature="ValidateHomepage()[pri:0, instance:com.runner.runner@5e5d171f]" started-at="2026-07-31T12:19:18 IST" name="ValidateHomepage" finished-at="2026-07-31T12:19:20 IST" duration-ms="2118" status="PASS">
          <reporter-output>
          </reporter-output>
        </test-method> <!-- ValidateHomepage -->
        <test-method signature="validateFresherBtnValidation()[pri:0, instance:com.runner.runner@5e5d171f]" started-at="2026-07-31T12:19:20 IST" name="validateFresherBtnValidation" finished-at="2026-07-31T12:19:26 IST" duration-ms="5878" status="PASS">
          <reporter-output>
          </reporter-output>
        </test-method> <!-- validateFresherBtnValidation -->
        <test-method is-config="true" signature="teardown()[pri:0, instance:com.runner.runner@5e5d171f]" started-at="2026-07-31T12:19:26 IST" name="teardown" finished-at="2026-07-31T12:19:27 IST" duration-ms="500" status="PASS">
          <reporter-output>
          </reporter-output>
        </test-method> <!-- teardown -->
        <test-method is-config="true" signature="afterSuite()[pri:0, instance:com.runner.runner@5e5d171f]" started-at="2026-07-31T12:19:27 IST" name="afterSuite" finished-at="2026-07-31T12:19:27 IST" duration-ms="372" status="FAIL">
          <exception class="java.lang.NullPointerException">
            <full-stacktrace>
              <![CDATA[java.lang.NullPointerException
at java.base/java.io.File.<init>(File.java:278)
at com.base.Base_Class.extendReportTearDown(Base_Class.java:226)
at com.runner.runner.afterSuite(runner.java:65)
at java.base/jdk.internal.reflect.DirectMethodHandleAccessor.invoke(DirectMethodHandleAccessor.java:103)
at java.base/java.lang.reflect.Method.invoke(Method.java:580)
at org.testng.internal.invokers.MethodInvocationHelper.invokeMethod(MethodInvocationHelper.java:141)
at org.testng.internal.invokers.MethodInvocationHelper.invokeMethodConsideringTimeout(MethodInvocationHelper.java:71)
at org.testng.internal.invokers.ConfigInvoker.invokeConfigurationMethod(ConfigInvoker.java:400)
at org.testng.internal.invokers.ConfigInvoker.invokeConfigurations(ConfigInvoker.java:333)
at org.testng.SuiteRunner.privateRun(SuiteRunner.java:386)
at org.testng.SuiteRunner.run(SuiteRunner.java:312)
at org.testng.SuiteRunnerWorker.runSuite(SuiteRunnerWorker.java:52)
at org.testng.SuiteRunnerWorker.run(SuiteRunnerWorker.java:95)
at org.testng.TestNG.runSuitesSequentially(TestNG.java:1274)
at org.testng.TestNG.runSuitesLocally(TestNG.java:1208)
at org.testng.TestNG.runSuites(TestNG.java:1112)
at org.testng.TestNG.run(TestNG.java:1079)
at org.testng.remote.AbstractRemoteTestNG.run(AbstractRemoteTestNG.java:115)
at org.testng.remote.RemoteTestNG.initAndRun(RemoteTestNG.java:293)
at org.testng.remote.RemoteTestNG.main(RemoteTestNG.java:91)
]]>
            </full-stacktrace>
          </exception> <!-- java.lang.NullPointerException -->
          <reporter-output>
          </reporter-output>
        </test-method> <!-- afterSuite -->
      </class> <!-- com.runner.runner -->
    </test> <!-- Default test -->
  </suite> <!-- Default suite -->
</testng-results>
